# JRE version: OpenJDK Runtime Environment Temurin-21.0.7+6 (21.0.7+6) (build 21.0.7+6-LTS)
# Java VM: OpenJDK 64-Bit Server VM Temurin-21.0.7+6 (21.0.7+6-LTS, mixed mode, sharing, tiered, compressed oops, compressed class ptrs, parallel gc, windows-amd64)
GC Precious Log:
 CardTable entry size: 512
 CPUs: 4 total, 4 available
 Memory: 16252M
 Large Page Support: Disabled
 NUMA Support: Disabled
 Compressed Oops: Enabled (32-bit)
 Alignments: Space 512K, Generation 512K, Heap 2M
 Heap Min Capacity: 100M
 Heap Initial Capacity: 100M
 Heap Max Capacity: 1G
 Pre-touch: Disabled
 Parallel Workers: 4
Heap:
 PSYoungGen      total 1536K, used 1152K [0x00000000eab00000, 0x00000000eae00000, 0x0000000100000000)
  eden space 1024K, 100% used [0x00000000eab00000,0x00000000eac00000,0x00000000eac00000)
  from space 512K, 25% used [0x00000000ead80000,0x00000000eada0000,0x00000000eae00000)
  to   space 512K, 31% used [0x00000000ead00000,0x00000000ead28000,0x00000000ead80000)
 ParOldGen       total 409600K, used 409088K [0x00000000c0000000, 0x00000000d9000000, 0x00000000eab00000)
  object space 409600K, 99% used [0x00000000c0000000,0x00000000d8f80308,0x00000000d9000000)
 Metaspace       used 65084K, committed 66624K, reserved 1114112K
  class space    used 6583K, committed 7296K, reserved 1048576K
GC Heap History (20 events):
Event: 46.031 GC heap before
{Heap before GC invocations=499 (full 4):
 PSYoungGen      total 1536K, used 1536K [0x00000000eab00000, 0x00000000eaf00000, 0x0000000100000000)
  eden space 1024K, 100% used [0x00000000eab00000,0x00000000eac00000,0x00000000eac00000)
  from space 512K, 100% used [0x00000000ead80000,0x00000000eae00000,0x00000000eae00000)
  to   space 1536K, 0% used [0x00000000eac00000,0x00000000eac00000,0x00000000ead80000)
 ParOldGen       total 405504K, used 405053K [0x00000000c0000000, 0x00000000d8c00000, 0x00000000eab00000)
  object space 405504K, 99% used [0x00000000c0000000,0x00000000d8b8f6c8,0x00000000d8c00000)
 Metaspace       used 65069K, committed 66560K, reserved 1114112K
  class space    used 6581K, committed 7296K, reserved 1048576K
}
Event: 46.034 GC heap after
{Heap after GC invocations=499 (full 4):
 PSYoungGen      total 2560K, used 864K [0x00000000eab00000, 0x00000000eaf00000, 0x0000000100000000)
  eden space 1024K, 0% used [0x00000000eab00000,0x00000000eab00000,0x00000000eac00000)
  from space 1536K, 56% used [0x00000000eac00000,0x00000000eacd8000,0x00000000ead80000)
  to   space 1536K, 0% used [0x00000000ead80000,0x00000000ead80000,0x00000000eaf00000)
 ParOldGen       total 406016K, used 405581K [0x00000000c0000000, 0x00000000d8c80000, 0x00000000eab00000)
  object space 406016K, 99% used [0x00000000c0000000,0x00000000d8c136c8,0x00000000d8c80000)
 Metaspace       used 65069K, committed 66560K, reserved 1114112K
  class space    used 6581K, committed 7296K, reserved 1048576K
}
Event: 46.475 GC heap before
{Heap before GC invocations=500 (full 4):
 PSYoungGen      total 2560K, used 1884K [0x00000000eab00000, 0x00000000eaf00000, 0x0000000100000000)
  eden space 1024K, 99% used [0x00000000eab00000,0x00000000eabff1b0,0x00000000eac00000)
  from space 1536K, 56% used [0x00000000eac00000,0x00000000eacd8000,0x00000000ead80000)
  to   space 1536K, 0% used [0x00000000ead80000,0x00000000ead80000,0x00000000eaf00000)
 ParOldGen       total 406016K, used 405581K [0x00000000c0000000, 0x00000000d8c80000, 0x00000000eab00000)
  object space 406016K, 99% used [0x00000000c0000000,0x00000000d8c136c8,0x00000000d8c80000)
 Metaspace       used 65069K, committed 66560K, reserved 1114112K
  class space    used 6581K, committed 7296K, reserved 1048576K
}
Event: 46.478 GC heap after
{Heap after GC invocations=500 (full 4):
 PSYoungGen      total 2048K, used 992K [0x00000000eab00000, 0x00000000eae80000, 0x0000000100000000)
  eden space 1024K, 0% used [0x00000000eab00000,0x00000000eab00000,0x00000000eac00000)
  from space 1024K, 96% used [0x00000000ead80000,0x00000000eae78000,0x00000000eae80000)
  to   space 1024K, 0% used [0x00000000eac80000,0x00000000eac80000,0x00000000ead80000)
 ParOldGen       total 406528K, used 406405K [0x00000000c0000000, 0x00000000d8d00000, 0x00000000eab00000)
  object space 406528K, 99% used [0x00000000c0000000,0x00000000d8ce16c8,0x00000000d8d00000)
 Metaspace       used 65069K, committed 66560K, reserved 1114112K
  class space    used 6581K, committed 7296K, reserved 1048576K
}
Event: 46.489 GC heap before
{Heap before GC invocations=501 (full 4):
 PSYoungGen      total 2048K, used 2016K [0x00000000eab00000, 0x00000000eae80000, 0x0000000100000000)
  eden space 1024K, 100% used [0x00000000eab00000,0x00000000eac00000,0x00000000eac00000)
  from space 1024K, 96% used [0x00000000ead80000,0x00000000eae78000,0x00000000eae80000)
  to   space 1024K, 0% used [0x00000000eac80000,0x00000000eac80000,0x00000000ead80000)
 ParOldGen       total 406528K, used 406405K [0x00000000c0000000, 0x00000000d8d00000, 0x00000000eab00000)
  object space 406528K, 99% used [0x00000000c0000000,0x00000000d8ce16c8,0x00000000d8d00000)
 Metaspace       used 65069K, committed 66560K, reserved 1114112K
  class space    used 6581K, committed 7296K, reserved 1048576K
}
Event: 46.491 GC heap after
{Heap after GC invocations=501 (full 4):
 PSYoungGen      total 2048K, used 832K [0x00000000eab00000, 0x00000000eae00000, 0x0000000100000000)
  eden space 1024K, 0% used [0x00000000eab00000,0x00000000eab00000,0x00000000eac00000)
  from space 1024K, 81% used [0x00000000eac80000,0x00000000ead50000,0x00000000ead80000)
  to   space 512K, 0% used [0x00000000ead80000,0x00000000ead80000,0x00000000eae00000)
 ParOldGen       total 407552K, used 407317K [0x00000000c0000000, 0x00000000d8e00000, 0x00000000eab00000)
  object space 407552K, 99% used [0x00000000c0000000,0x00000000d8dc56c8,0x00000000d8e00000)
 Metaspace       used 65069K, committed 66560K, reserved 1114112K
  class space    used 6581K, committed 7296K, reserved 1048576K
}
Event: 46.584 GC heap before
{Heap before GC invocations=502 (full 4):
 PSYoungGen      total 2048K, used 1856K [0x00000000eab00000, 0x00000000eae00000, 0x0000000100000000)
  eden space 1024K, 100% used [0x00000000eab00000,0x00000000eac00000,0x00000000eac00000)
  from space 1024K, 81% used [0x00000000eac80000,0x00000000ead50000,0x00000000ead80000)
  to   space 512K, 0% used [0x00000000ead80000,0x00000000ead80000,0x00000000eae00000)
 ParOldGen       total 407552K, used 407317K [0x00000000c0000000, 0x00000000d8e00000, 0x00000000eab00000)
  object space 407552K, 99% used [0x00000000c0000000,0x00000000d8dc56c8,0x00000000d8e00000)
 Metaspace       used 65077K, committed 66560K, reserved 1114112K
  class space    used 6582K, committed 7296K, reserved 1048576K
}
Event: 46.587 GC heap after
{Heap after GC invocations=502 (full 4):
 PSYoungGen      total 1536K, used 512K [0x00000000eab00000, 0x00000000eae00000, 0x0000000100000000)
  eden space 1024K, 0% used [0x00000000eab00000,0x00000000eab00000,0x00000000eac00000)
  from space 512K, 100% used [0x00000000ead80000,0x00000000eae00000,0x00000000eae00000)
  to   space 1024K, 0% used [0x00000000eac00000,0x00000000eac00000,0x00000000ead00000)
 ParOldGen       total 408576K, used 408101K [0x00000000c0000000, 0x00000000d8f00000, 0x00000000eab00000)
  object space 408576K, 99% used [0x00000000c0000000,0x00000000d8e896c8,0x00000000d8f00000)
 Metaspace       used 65077K, committed 66560K, reserved 1114112K
  class space    used 6582K, committed 7296K, reserved 1048576K
}
Event: 46.654 GC heap before
{Heap before GC invocations=503 (full 4):
 PSYoungGen      total 1536K, used 1533K [0x00000000eab00000, 0x00000000eae00000, 0x0000000100000000)
  eden space 1024K, 99% used [0x00000000eab00000,0x00000000eabff7d8,0x00000000eac00000)
  from space 512K, 100% used [0x00000000ead80000,0x00000000eae00000,0x00000000eae00000)
  to   space 1024K, 0% used [0x00000000eac00000,0x00000000eac00000,0x00000000ead00000)
 ParOldGen       total 408576K, used 408101K [0x00000000c0000000, 0x00000000d8f00000, 0x00000000eab00000)
  object space 408576K, 99% used [0x00000000c0000000,0x00000000d8e896c8,0x00000000d8f00000)
 Metaspace       used 65082K, committed 66560K, reserved 1114112K
  class space    used 6583K, committed 7296K, reserved 1048576K
}
Event: 46.657 GC heap after
{Heap after GC invocations=503 (full 4):
 PSYoungGen      total 2048K, used 160K [0x00000000eab00000, 0x00000000eae00000, 0x0000000100000000)
  eden space 1024K, 0% used [0x00000000eab00000,0x00000000eab00000,0x00000000eac00000)
  from space 1024K, 15% used [0x00000000eac00000,0x00000000eac28000,0x00000000ead00000)
  to   space 512K, 0% used [0x00000000ead80000,0x00000000ead80000,0x00000000eae00000)
 ParOldGen       total 408576K, used 408573K [0x00000000c0000000, 0x00000000d8f00000, 0x00000000eab00000)
  object space 408576K, 99% used [0x00000000c0000000,0x00000000d8eff6c8,0x00000000d8f00000)
 Metaspace       used 65082K, committed 66560K, reserved 1114112K
  class space    used 6583K, committed 7296K, reserved 1048576K
}
Event: 46.665 GC heap before
{Heap before GC invocations=504 (full 4):
 PSYoungGen      total 2048K, used 1184K [0x00000000eab00000, 0x00000000eae00000, 0x0000000100000000)
  eden space 1024K, 100% used [0x00000000eab00000,0x00000000eac00000,0x00000000eac00000)
  from space 1024K, 15% used [0x00000000eac00000,0x00000000eac28000,0x00000000ead00000)
  to   space 512K, 0% used [0x00000000ead80000,0x00000000ead80000,0x00000000eae00000)
 ParOldGen       total 408576K, used 408573K [0x00000000c0000000, 0x00000000d8f00000, 0x00000000eab00000)
  object space 408576K, 99% used [0x00000000c0000000,0x00000000d8eff6c8,0x00000000d8f00000)
 Metaspace       used 65082K, committed 66560K, reserved 1114112K
  class space    used 6583K, committed 7296K, reserved 1048576K
}
Event: 46.667 GC heap after
{Heap after GC invocations=504 (full 4):
 PSYoungGen      total 1536K, used 192K [0x00000000eab00000, 0x00000000eae00000, 0x0000000100000000)
  eden space 1024K, 0% used [0x00000000eab00000,0x00000000eab00000,0x00000000eac00000)
  from space 512K, 37% used [0x00000000ead80000,0x00000000eadb0000,0x00000000eae00000)
  to   space 512K, 0% used [0x00000000ead00000,0x00000000ead00000,0x00000000ead80000)
 ParOldGen       total 409088K, used 408685K [0x00000000c0000000, 0x00000000d8f80000, 0x00000000eab00000)
  object space 409088K, 99% used [0x00000000c0000000,0x00000000d8f1b6c8,0x00000000d8f80000)
 Metaspace       used 65082K, committed 66560K, reserved 1114112K
  class space    used 6583K, committed 7296K, reserved 1048576K
}
Event: 46.696 GC heap before
{Heap before GC invocations=505 (full 4):
 PSYoungGen      total 1536K, used 1213K [0x00000000eab00000, 0x00000000eae00000, 0x0000000100000000)
  eden space 1024K, 99% used [0x00000000eab00000,0x00000000eabff548,0x00000000eac00000)
  from space 512K, 37% used [0x00000000ead80000,0x00000000eadb0000,0x00000000eae00000)
  to   space 512K, 0% used [0x00000000ead00000,0x00000000ead00000,0x00000000ead80000)
 ParOldGen       total 409088K, used 408685K [0x00000000c0000000, 0x00000000d8f80000, 0x00000000eab00000)
  object space 409088K, 99% used [0x00000000c0000000,0x00000000d8f1b6c8,0x00000000d8f80000)
 Metaspace       used 65083K, committed 66624K, reserved 1114112K
  class space    used 6583K, committed 7296K, reserved 1048576K
}
Event: 46.698 GC heap after
{Heap after GC invocations=505 (full 4):
 PSYoungGen      total 1536K, used 192K [0x00000000eab00000, 0x00000000eae00000, 0x0000000100000000)
  eden space 1024K, 0% used [0x00000000eab00000,0x00000000eab00000,0x00000000eac00000)
  from space 512K, 37% used [0x00000000ead00000,0x00000000ead30000,0x00000000ead80000)
  to   space 512K, 0% used [0x00000000ead80000,0x00000000ead80000,0x00000000eae00000)
 ParOldGen       total 409088K, used 408828K [0x00000000c0000000, 0x00000000d8f80000, 0x00000000eab00000)
  object space 409088K, 99% used [0x00000000c0000000,0x00000000d8f3f1d0,0x00000000d8f80000)
 Metaspace       used 65083K, committed 66624K, reserved 1114112K
  class space    used 6583K, committed 7296K, reserved 1048576K
}
Event: 46.768 GC heap before
{Heap before GC invocations=506 (full 4):
 PSYoungGen      total 1536K, used 1216K [0x00000000eab00000, 0x00000000eae00000, 0x0000000100000000)
  eden space 1024K, 100% used [0x00000000eab00000,0x00000000eac00000,0x00000000eac00000)
  from space 512K, 37% used [0x00000000ead00000,0x00000000ead30000,0x00000000ead80000)
  to   space 512K, 0% used [0x00000000ead80000,0x00000000ead80000,0x00000000eae00000)
 ParOldGen       total 409088K, used 408828K [0x00000000c0000000, 0x00000000d8f80000, 0x00000000eab00000)
  object space 409088K, 99% used [0x00000000c0000000,0x00000000d8f3f1d0,0x00000000d8f80000)
 Metaspace       used 65084K, committed 66624K, reserved 1114112K
  class space    used 6583K, committed 7296K, reserved 1048576K
}
Event: 46.770 GC heap after
{Heap after GC invocations=506 (full 4):
 PSYoungGen      total 1536K, used 128K [0x00000000eab00000, 0x00000000eae00000, 0x0000000100000000)
  eden space 1024K, 0% used [0x00000000eab00000,0x00000000eab00000,0x00000000eac00000)
  from space 512K, 25% used [0x00000000ead80000,0x00000000eada0000,0x00000000eae00000)
  to   space 512K, 0% used [0x00000000ead00000,0x00000000ead00000,0x00000000ead80000)
 ParOldGen       total 409088K, used 408884K [0x00000000c0000000, 0x00000000d8f80000, 0x00000000eab00000)
  object space 409088K, 99% used [0x00000000c0000000,0x00000000d8f4d1d0,0x00000000d8f80000)
 Metaspace       used 65084K, committed 66624K, reserved 1114112K
  class space    used 6583K, committed 7296K, reserved 1048576K
}
Event: 46.776 GC heap before
{Heap before GC invocations=507 (full 4):
 PSYoungGen      total 1536K, used 1152K [0x00000000eab00000, 0x00000000eae00000, 0x0000000100000000)
  eden space 1024K, 100% used [0x00000000eab00000,0x00000000eac00000,0x00000000eac00000)
  from space 512K, 25% used [0x00000000ead80000,0x00000000eada0000,0x00000000eae00000)
  to   space 512K, 0% used [0x00000000ead00000,0x00000000ead00000,0x00000000ead80000)
 ParOldGen       total 409088K, used 408884K [0x00000000c0000000, 0x00000000d8f80000, 0x00000000eab00000)
  object space 409088K, 99% used [0x00000000c0000000,0x00000000d8f4d1d0,0x00000000d8f80000)
 Metaspace       used 65084K, committed 66624K, reserved 1114112K
  class space    used 6583K, committed 7296K, reserved 1048576K
}
Event: 46.779 GC heap after
{Heap after GC invocations=507 (full 4):
 PSYoungGen      total 1536K, used 160K [0x00000000eab00000, 0x00000000eae00000, 0x0000000100000000)
  eden space 1024K, 0% used [0x00000000eab00000,0x00000000eab00000,0x00000000eac00000)
  from space 512K, 31% used [0x00000000ead00000,0x00000000ead28000,0x00000000ead80000)
  to   space 512K, 0% used [0x00000000ead80000,0x00000000ead80000,0x00000000eae00000)
 ParOldGen       total 409088K, used 408946K [0x00000000c0000000, 0x00000000d8f80000, 0x00000000eab00000)
  object space 409088K, 99% used [0x00000000c0000000,0x00000000d8f5c800,0x00000000d8f80000)
 Metaspace       used 65084K, committed 66624K, reserved 1114112K
  class space    used 6583K, committed 7296K, reserved 1048576K
}
Event: 46.785 GC heap before
{Heap before GC invocations=508 (full 4):
 PSYoungGen      total 1536K, used 1184K [0x00000000eab00000, 0x00000000eae00000, 0x0000000100000000)
  eden space 1024K, 100% used [0x00000000eab00000,0x00000000eac00000,0x00000000eac00000)
  from space 512K, 31% used [0x00000000ead00000,0x00000000ead28000,0x00000000ead80000)
  to   space 512K, 0% used [0x00000000ead80000,0x00000000ead80000,0x00000000eae00000)
 ParOldGen       total 409088K, used 408946K [0x00000000c0000000, 0x00000000d8f80000, 0x00000000eab00000)
  object space 409088K, 99% used [0x00000000c0000000,0x00000000d8f5c800,0x00000000d8f80000)
 Metaspace       used 65084K, committed 66624K, reserved 1114112K
  class space    used 6583K, committed 7296K, reserved 1048576K
}
Event: 46.787 GC heap after
{Heap after GC invocations=508 (full 4):
 PSYoungGen      total 1536K, used 128K [0x00000000eab00000, 0x00000000eae00000, 0x0000000100000000)
  eden space 1024K, 0% used [0x00000000eab00000,0x00000000eab00000,0x00000000eac00000)
  from space 512K, 25% used [0x00000000ead80000,0x00000000eada0000,0x00000000eae00000)
  to   space 512K, 0% used [0x00000000ead00000,0x00000000ead00000,0x00000000ead80000)
 ParOldGen       total 409088K, used 409072K [0x00000000c0000000, 0x00000000d8f80000, 0x00000000eab00000)
  object space 409088K, 99% used [0x00000000c0000000,0x00000000d8f7c308,0x00000000d8f80000)
 Metaspace       used 65084K, committed 66624K, reserved 1114112K
  class space    used 6583K, committed 7296K, reserved 1048576K
}

